========================================= 
[Sat 03/14/2026  0:46:55.41] Starting empty file restoration 
[Sat 03/14/2026  0:46:55.41] Remote: origin 
[Sat 03/14/2026  0:46:55.41] Dry run: true 
========================================= 
[Sat 03/14/2026  0:46:55.61] Fetching latest from origin... 
fatal: couldn't find remote ref pull'
[2026-03-14 00:47:04] =========================================
[2026-03-14 00:47:04] Starting empty file restoration
[2026-03-14 00:47:04] Remote: origin
[2026-03-14 00:47:04] Branch: main
[2026-03-14 00:47:04] Dry run: true
[2026-03-14 00:47:04] =========================================
[2026-03-14 00:47:04] Fetching latest from origin...
From https://github.com/royceshannon2-blip/Witness-Interactive
 * branch            main       -> FETCH_HEAD
[2026-03-14 00:47:04] EMPTY: PHASE_6-9_COMPLETE.md
[2026-03-14 00:47:05]   [DRY-RUN] Would restore from origin/main
[2026-03-14 00:47:05] EMPTY: TUTSI_SURVIVOR_BRANCHING_COMPLETE.md
[2026-03-14 00:47:05]   [DRY-RUN] Would restore from origin/main
[2026-03-14 00:47:05] EMPTY: audio/ambient/41459__belloq__small_rocket_flybys_and_explosion.aiff
[2026-03-14 00:47:05]   [DRY-RUN] Would restore from origin/main
[2026-03-14 00:47:05] EMPTY: config/update-notes.json
[2026-03-14 00:47:05]   [DRY-RUN] Would restore from origin/main
[2026-03-14 00:47:05] EMPTY: config/version.js
[2026-03-14 00:47:05]   [DRY-RUN] Would restore from origin/main
[2026-03-14 00:47:05] EMPTY: css/atmospheric-effects.css
[2026-03-14 00:47:05]   [DRY-RUN] Would restore from origin/main
[2026-03-14 00:47:05] EMPTY: js/content/missions/pearl-harbor/american-civilian.js
[2026-03-14 00:47:05]   [DRY-RUN] Would restore from origin/main
[2026-03-14 00:47:05] EMPTY: js/content/missions/pearl-harbor/american-sailor.js
[2026-03-14 00:47:05]   [DRY-RUN] Would restore from origin/main
[2026-03-14 00:47:05] EMPTY: js/content/missions/pearl-harbor/japanese-aviator.js
[2026-03-14 00:47:05]   [DRY-RUN] Would restore from origin/main
[2026-03-14 00:47:05] EMPTY: js/engine/AtmosphericEffects.js
[2026-03-14 00:47:05]   [DRY-RUN] Would restore from origin/main
[2026-03-14 00:47:06] EMPTY: js/engine/UIController.js
[2026-03-14 00:47:06]   [DRY-RUN] Would restore from origin/main
[2026-03-14 00:47:10] EMPTY: verify-ac-paths.js
[2026-03-14 00:47:10]   [DRY-RUN] Would restore from origin/main
[2026-03-14 00:47:10] EMPTY: verify-as-paths.js
[2026-03-14 00:47:10]   [DRY-RUN] Would restore from origin/main
[2026-03-14 00:47:10] EMPTY: verify-audio-effects.js
[2026-03-14 00:47:10]   [DRY-RUN] Would restore from origin/main
[2026-03-14 00:47:10] EMPTY: verify-ja-paths.js
[2026-03-14 00:47:10]   [DRY-RUN] Would restore from origin/main
[2026-03-14 00:47:10] =========================================
[2026-03-14 00:47:10] Restoration complete
[2026-03-14 00:47:10] Total tracked files: 0
[2026-03-14 00:47:10] Empty files found: 0
[2026-03-14 00:47:10] Files restored: 0
[2026-03-14 00:47:10] Failed restorations: 0
[2026-03-14 00:47:10] =========================================
[2026-03-14 00:47:19] =========================================
[2026-03-14 00:47:19] Starting empty file restoration
[2026-03-14 00:47:19] Remote: origin
[2026-03-14 00:47:19] Branch: main
[2026-03-14 00:47:19] Dry run: false
[2026-03-14 00:47:19] =========================================
[2026-03-14 00:47:19] Fetching latest from origin...
From https://github.com/royceshannon2-blip/Witness-Interactive
 * branch            main       -> FETCH_HEAD
[2026-03-14 00:47:20] EMPTY: PHASE_6-9_COMPLETE.md
[2026-03-14 00:47:20]   SUCCESS: Restored from origin/main
[2026-03-14 00:47:20] EMPTY: TUTSI_SURVIVOR_BRANCHING_COMPLETE.md
[2026-03-14 00:47:20]   SUCCESS: Restored from origin/main
[2026-03-14 00:47:20] EMPTY: audio/ambient/41459__belloq__small_rocket_flybys_and_explosion.aiff
[2026-03-14 00:47:20]   SUCCESS: Restored from origin/main
[2026-03-14 00:47:20] EMPTY: config/update-notes.json
[2026-03-14 00:47:20]   SUCCESS: Restored from origin/main
[2026-03-14 00:47:20] EMPTY: config/version.js
[2026-03-14 00:47:21]   SUCCESS: Restored from origin/main
[2026-03-14 00:47:21] EMPTY: css/atmospheric-effects.css
[2026-03-14 00:47:21]   SUCCESS: Restored from origin/main
[2026-03-14 00:47:21] EMPTY: js/content/missions/pearl-harbor/american-civilian.js
[2026-03-14 00:47:21]   SUCCESS: Restored from origin/main
[2026-03-14 00:47:21] EMPTY: js/content/missions/pearl-harbor/american-sailor.js
[2026-03-14 00:47:21]   SUCCESS: Restored from origin/main
[2026-03-14 00:47:21] EMPTY: js/content/missions/pearl-harbor/japanese-aviator.js
[2026-03-14 00:47:21]   SUCCESS: Restored from origin/main
[2026-03-14 00:47:21] EMPTY: js/engine/AtmosphericEffects.js
[2026-03-14 00:47:21]   SUCCESS: Restored from origin/main
[2026-03-14 00:47:21] EMPTY: js/engine/UIController.js
[2026-03-14 00:47:21]   SUCCESS: Restored from origin/main
[2026-03-14 00:47:26] EMPTY: verify-ac-paths.js
[2026-03-14 00:47:26]   SUCCESS: Restored from origin/main
[2026-03-14 00:47:26] EMPTY: verify-as-paths.js
[2026-03-14 00:47:26]   SUCCESS: Restored from origin/main
[2026-03-14 00:47:26] EMPTY: verify-audio-effects.js
[2026-03-14 00:47:26]   SUCCESS: Restored from origin/main
[2026-03-14 00:47:26] EMPTY: verify-ja-paths.js
[2026-03-14 00:47:26]   SUCCESS: Restored from origin/main
[2026-03-14 00:47:26] =========================================
[2026-03-14 00:47:26] Restoration complete
[2026-03-14 00:47:26] Total tracked files: 0
[2026-03-14 00:47:26] Empty files found: 0
[2026-03-14 00:47:26] Files restored: 0
[2026-03-14 00:47:26] Failed restorations: 0
[2026-03-14 00:47:26] =========================================
